[INFO] ConsoleWriter - ----------------------------------------------------------------------------------------------
[INFO] ConsoleWriter -  P2Rank 2.2
[INFO] ConsoleWriter - ----------------------------------------------------------------------------------------------
[INFO] ConsoleWriter - 
[INFO] Main - loading default config from [/home/howc/PycharmProjects/pythonProject2/p2rank_2.2/config/default.groovy}]
[INFO] Futils - deleting predicted_binding_sites/run.log
[INFO] ConsoleWriter - predicting pockets for proteins from dataset [1gog.pdb]
[INFO] PredictRoutine - outdir: predicted_binding_sites
[INFO] Dataset - processing dataset [1gog.pdb] using 0 threads
[INFO] Dataset - 
------------------------------------------------------------------------------------------------------------------------
processing [1gog.pdb] (1/1)
------------------------------------------------------------------------------------------------------------------------

[INFO] ConsoleWriter - processing [1gog.pdb] (1/1)
[INFO] Protein - loading protein [/home/howc/PycharmProjects/pythonProject2/src/pdb_f/1gog.pdb]
[INFO] PdbUtils - loading file [pdb_f/1gog.pdb]
[INFO] Struct - groups in chain A: 639
[INFO] Struct - groups in chain A: 639
[INFO] Struct - 639 groups in chain A
[INFO] Protein - structure atoms: 5142
[INFO] Protein - protein   atoms: 4736
[INFO] Protein - ignoring ligands
[INFO] Protein - SAS points: 6723
[INFO] Protein - exposed protein atoms: 2543 of 4736
[INFO] InstancePredictor - Creating WekaInstancePredictor
[INFO] PrankFeatureExtractor - P2R protein:4736  exposedAtoms:2543  deepLayer:4736 sasPoints:6723
[INFO] SLinkClusterer - clustering [185] elements
[INFO] SLinkClusterer - clusters: [id:20( 11 ), id:27( 1 ), id:41( 1 ), id:42( 5 ), id:48( 9 ), id:52( 2 ), id:56( 1 ), id:58( 1 ), id:75( 28 ), id:81( 13 ), id:84( 5 ), id:87( 1 ), id:91( 3 ), id:92( 1 ), id:100( 4 ), id:103( 5 ), id:105( 1 ), id:113( 4 ), id:114( 1 ), id:115( 1 ), id:118( 1 ), id:123( 6 ), id:124( 3 ), id:147( 20 ), id:151( 7 ), id:159( 2 ), id:160( 1 ), id:164( 5 ), id:168( 7 ), id:176( 24 ), id:178( 3 ), id:180( 2 ), id:182( 3 ), id:183( 1 ), id:184( 2 )]
[INFO] SLinkClusterer - clusters together: 185 / 185
[INFO] PocketPredictor - PREDICTING POCKETS.... ====================================
[INFO] PocketPredictor - SAS POINTS: 6723
[INFO] PocketPredictor - LIGANDABLE POINTS: 185
[INFO] PocketPredictor - CLUSTERS: 35
[INFO] PocketPredictor - FILTERED CLUSTERS: 19
[INFO] PocketPredictor - pocket 1 -  surf_atoms:  32   points:  28   score:   12.5
[INFO] PocketPredictor - pocket 2 -  surf_atoms:  36   points:  24   score:    9.2
[INFO] PocketPredictor - pocket 3 -  surf_atoms:  39   points:  20   score:    8.0
[INFO] PocketPredictor - pocket 4 -  surf_atoms:  22   points:  13   score:    4.7
[INFO] PocketPredictor - pocket 5 -  surf_atoms:  20   points:  11   score:    3.5
[INFO] PocketPredictor - pocket 6 -  surf_atoms:  22   points:   9   score:    3.2
[INFO] PocketPredictor - pocket 7 -  surf_atoms:  29   points:   7   score:    2.9
[INFO] PocketPredictor - pocket 8 -  surf_atoms:  18   points:   5   score:    2.3
[INFO] PocketPredictor - pocket 9 -  surf_atoms:  15   points:   7   score:    2.2
[INFO] PocketPredictor - pocket10 -  surf_atoms:  18   points:   6   score:    2.0
[INFO] PocketPredictor - pocket11 -  surf_atoms:  14   points:   4   score:    2.0
[INFO] PocketPredictor - pocket12 -  surf_atoms:  13   points:   5   score:    2.0
[INFO] PocketPredictor - pocket13 -  surf_atoms:  25   points:   5   score:    1.8
[INFO] PocketPredictor - pocket14 -  surf_atoms:  16   points:   4   score:    1.7
[INFO] PocketPredictor - pocket15 -  surf_atoms:  14   points:   3   score:    1.4
[INFO] PocketPredictor - pocket16 -  surf_atoms:  13   points:   3   score:    1.3
[INFO] PocketPredictor - pocket17 -  surf_atoms:  14   points:   5   score:    1.2
[INFO] PocketPredictor - pocket18 -  surf_atoms:  13   points:   3   score:    0.9
[INFO] PocketPredictor - pocket19 -  surf_atoms:  10   points:   3   score:    0.6
[INFO] OldPymolRenderer - copying [/home/howc/PycharmProjects/pythonProject2/src/pdb_f/1gog.pdb] to [predicted_binding_sites/visualizations/data/1gog.pdb]
[INFO] ConsoleWriter - predicting pockets finished in 0 hours 0 minutes 6.073 seconds
[INFO] ConsoleWriter - results saved to directory [/home/howc/PycharmProjects/pythonProject2/src/predicted_binding_sites]
[INFO] ConsoleWriter - 
[INFO] ConsoleWriter - ----------------------------------------------------------------------------------------------
[INFO] ConsoleWriter -  finished successfully in 0 hours 0 minutes 7.402 seconds
[INFO] ConsoleWriter - ----------------------------------------------------------------------------------------------
