[INFO] ConsoleWriter - predicting pockets for proteins from dataset [1gog_1_out.pdbqt]
[INFO] PredictRoutine - outdir: predicted_binding_sites
[INFO] Dataset - processing dataset [1gog_1_out.pdbqt] using 0 threads
[INFO] Dataset - 
------------------------------------------------------------------------------------------------------------------------
processing [1gog_1_out.pdbqt] (1/1)
------------------------------------------------------------------------------------------------------------------------

[INFO] ConsoleWriter - processing [1gog_1_out.pdbqt] (1/1)
[INFO] Protein - loading protein [/home/howc/PycharmProjects/pythonProject2/src/mae_to_pdb/1gog_1_out.pdbqt]
[INFO] PdbUtils - loading file [/home/howc/PycharmProjects/pythonProject2/src/mae_to_pdb/1gog_1_out.pdbqt]
[INFO] Struct - groups in chain A: 639
[INFO] Struct - groups in chain A: 639
[INFO] Struct - 639 groups in chain A
[INFO] Protein - structure atoms: 5943
[INFO] Protein - protein   atoms: 4736
[INFO] Protein - ignoring ligands
[INFO] Protein - SAS points: 6976
[INFO] Protein - exposed protein atoms: 2616 of 4736
[INFO] InstancePredictor - Creating WekaInstancePredictor
[INFO] PrankFeatureExtractor - P2R protein:4736  exposedAtoms:2616  deepLayer:4736 sasPoints:6976
[INFO] SLinkClusterer - clustering [451] elements
[INFO] SLinkClusterer - clusters: [id:5( 1 ), id:17( 1 ), id:21( 20 ), id:24( 1 ), id:26( 1 ), id:27( 1 ), id:30( 2 ), id:31( 1 ), id:35( 24 ), id:49( 4 ), id:59( 1 ), id:68( 3 ), id:85( 3 ), id:88( 1 ), id:98( 55 ), id:111( 4 ), id:117( 1 ), id:118( 1 ), id:119( 1 ), id:120( 1 ), id:121( 3 ), id:122( 1 ), id:148( 2 ), id:154( 1 ), id:183( 10 ), id:185( 3 ), id:186( 1 ), id:189( 4 ), id:196( 28 ), id:198( 1 ), id:200( 15 ), id:202( 6 ), id:210( 1 ), id:212( 1 ), id:221( 1 ), id:222( 1 ), id:235( 30 ), id:250( 2 ), id:252( 2 ), id:253( 1 ), id:255( 1 ), id:256( 8 ), id:257( 3 ), id:259( 2 ), id:265( 3 ), id:266( 3 ), id:268( 1 ), id:276( 2 ), id:286( 6 ), id:287( 6 ), id:295( 1 ), id:296( 1 ), id:303( 11 ), id:307( 7 ), id:308( 2 ), id:309( 2 ), id:310( 2 ), id:318( 7 ), id:323( 1 ), id:324( 1 ), id:330( 1 ), id:340( 24 ), id:348( 21 ), id:356( 9 ), id:358( 5 ), id:364( 2 ), id:368( 8 ), id:399( 8 ), id:402( 6 ), id:403( 1 ), id:405( 1 ), id:406( 1 ), id:407( 1 ), id:408( 1 ), id:410( 1 ), id:412( 3 ), id:416( 6 ), id:418( 2 ), id:419( 1 ), id:423( 10 ), id:424( 1 ), id:427( 1 ), id:429( 4 ), id:432( 1 ), id:438( 2 ), id:440( 1 ), id:450( 18 )]
[INFO] SLinkClusterer - clusters together: 451 / 451
[INFO] PocketPredictor - PREDICTING POCKETS.... ====================================
[INFO] PocketPredictor - SAS POINTS: 6976
[INFO] PocketPredictor - LIGANDABLE POINTS: 451
[INFO] PocketPredictor - CLUSTERS: 87
[INFO] PocketPredictor - FILTERED CLUSTERS: 36
[INFO] PocketPredictor - pocket 1 -  surf_atoms:  48   points:  55   score:   20.3
[INFO] PocketPredictor - pocket 2 -  surf_atoms:  34   points:  30   score:   10.3
[INFO] PocketPredictor - pocket 3 -  surf_atoms:  26   points:  24   score:   10.1
[INFO] PocketPredictor - pocket 4 -  surf_atoms:  37   points:  21   score:   10.0
[INFO] PocketPredictor - pocket 5 -  surf_atoms:  29   points:  28   score:    9.0
[INFO] PocketPredictor - pocket 6 -  surf_atoms:  30   points:  24   score:    8.4
[INFO] PocketPredictor - pocket 7 -  surf_atoms:  32   points:  18   score:    6.9
[INFO] PocketPredictor - pocket 8 -  surf_atoms:  33   points:  20   score:    6.2
[INFO] PocketPredictor - pocket 9 -  surf_atoms:  13   points:   9   score:    5.5
[INFO] PocketPredictor - pocket10 -  surf_atoms:  29   points:  15   score:    4.9
[INFO] PocketPredictor - pocket11 -  surf_atoms:  22   points:   8   score:    4.1
[INFO] PocketPredictor - pocket12 -  surf_atoms:  27   points:  10   score:    4.0
[INFO] PocketPredictor - pocket13 -  surf_atoms:  23   points:  11   score:    3.9
[INFO] PocketPredictor - pocket14 -  surf_atoms:  17   points:  10   score:    3.8
[INFO] PocketPredictor - pocket15 -  surf_atoms:  15   points:   8   score:    3.4
[INFO] PocketPredictor - pocket16 -  surf_atoms:  12   points:   7   score:    3.3
[INFO] PocketPredictor - pocket17 -  surf_atoms:  20   points:   8   score:    3.3
[INFO] PocketPredictor - pocket18 -  surf_atoms:  17   points:   7   score:    2.8
[INFO] PocketPredictor - pocket19 -  surf_atoms:  21   points:   3   score:    2.7
[INFO] PocketPredictor - pocket20 -  surf_atoms:  19   points:   4   score:    2.7
[INFO] PocketPredictor - pocket21 -  surf_atoms:  21   points:   6   score:    2.5
[INFO] PocketPredictor - pocket22 -  surf_atoms:  15   points:   6   score:    2.1
[INFO] PocketPredictor - pocket23 -  surf_atoms:  12   points:   6   score:    2.0
[INFO] PocketPredictor - pocket24 -  surf_atoms:  12   points:   3   score:    1.9
[INFO] PocketPredictor - pocket25 -  surf_atoms:  17   points:   4   score:    1.9
[INFO] PocketPredictor - pocket26 -  surf_atoms:  11   points:   4   score:    1.9
[INFO] PocketPredictor - pocket27 -  surf_atoms:  17   points:   6   score:    1.9
[INFO] PocketPredictor - pocket28 -  surf_atoms:  14   points:   3   score:    1.8
[INFO] PocketPredictor - pocket29 -  surf_atoms:  16   points:   6   score:    1.7
[INFO] PocketPredictor - pocket30 -  surf_atoms:  10   points:   3   score:    1.6
[INFO] PocketPredictor - pocket31 -  surf_atoms:   7   points:   3   score:    1.6
[INFO] PocketPredictor - pocket32 -  surf_atoms:  14   points:   4   score:    1.5
[INFO] PocketPredictor - pocket33 -  surf_atoms:  12   points:   3   score:    1.5
[INFO] PocketPredictor - pocket34 -  surf_atoms:  13   points:   3   score:    1.4
[INFO] PocketPredictor - pocket35 -  surf_atoms:  16   points:   5   score:    1.3
[INFO] PocketPredictor - pocket36 -  surf_atoms:   9   points:   3   score:    1.3
[INFO] OldPymolRenderer - copying [/home/howc/PycharmProjects/pythonProject2/src/mae_to_pdb/1gog_1_out.pdbqt] to [predicted_binding_sites/visualizations/data/1gog_1_out.pdbqt]
[INFO] ConsoleWriter - predicting pockets finished in 0 hours 0 minutes 5.660 seconds
[INFO] ConsoleWriter - results saved to directory [/home/howc/PycharmProjects/pythonProject2/src/predicted_binding_sites]
[INFO] ConsoleWriter - 
[INFO] ConsoleWriter - ----------------------------------------------------------------------------------------------
[INFO] ConsoleWriter -  finished successfully in 0 hours 0 minutes 6.891 seconds
[INFO] ConsoleWriter - ----------------------------------------------------------------------------------------------
